

Processing EventRegistrationsController#new (for 127.0.0.1 at 2011-02-19 19:30:11) [GET]
Rendering template within layouts/event_registrations
Rendering event_registrations/new
  [4;35;1mUser Load (1.3ms)[0m   [0mSELECT * FROM "users" WHERE ("users"."id" = 1) LIMIT 1[0m
Rendered layouts/_common_header (16.6ms)
Completed in 155ms (View: 116, DB: 1) | 200 OK [http://localhost/event_registrations/new]


Processing EventsController#new (for 127.0.0.1 at 2011-02-19 19:38:53) [GET]
  Parameters: {"user_id"=>"1"}
  [4;36;1mUser Load (17.0ms)[0m   [0;1mSELECT * FROM "users" WHERE ("users"."id" = 1) LIMIT 1[0m
  [4;35;1mUser Load (1.7ms)[0m   [0mSELECT * FROM "users" WHERE ("users"."id" = 1) [0m
Rendering template within layouts/events
Rendering events/new
Rendered layouts/_common_header (2.1ms)
Completed in 182ms (View: 56, DB: 19) | 200 OK [http://localhost/users/1/events/new]


Processing ApplicationController#index (for 127.0.0.1 at 2011-02-19 19:40:58) [GET]

ActionController::RoutingError (No route matches "/show_user_events" with {:method=>:get}):
  warden (0.10.7) lib/warden/manager.rb:35:in `call'
  warden (0.10.7) lib/warden/manager.rb:34:in `catch'
  warden (0.10.7) lib/warden/manager.rb:34:in `call'

Rendering rescues/layout (not_found)


Processing EventsController#show_user_events (for 127.0.0.1 at 2011-02-19 19:41:05) [GET]
  Parameters: {"id"=>"1"}
  [4;36;1mUser Load (1.9ms)[0m   [0;1mSELECT * FROM "users" WHERE ("users"."id" = 1) LIMIT 1[0m
  [4;35;1mEvent Load (3.7ms)[0m   [0mSELECT * FROM "events" WHERE (date > '2011-02-19' and user_id == '1') ORDER BY date desc[0m
Rendering template within layouts/events
Rendering events/show_user_events
Rendered layouts/_common_header (6.9ms)
Completed in 165ms (View: 74, DB: 6) | 200 OK [http://localhost/events/show_user_events/1]


Processing EventsController#show_all_events (for 127.0.0.1 at 2011-02-19 20:42:05) [GET]
  [4;36;1mEvent Load (9.0ms)[0m   [0;1mSELECT * FROM "events" WHERE (date > '2011-02-19') ORDER BY date desc[0m
Rendering template within layouts/events
Rendering events/show_all_events
  [4;35;1mUser Load (4.5ms)[0m   [0mSELECT * FROM "users" WHERE ("users"."id" = 1) LIMIT 1[0m
  [4;36;1mUser Load (1.3ms)[0m   [0;1mSELECT * FROM "users" WHERE ("users"."id" = 1) [0m
  [4;35;1mCACHE (0.0ms)[0m   [0mSELECT * FROM "users" WHERE ("users"."id" = 1) [0m
  [4;36;1mCACHE (0.0ms)[0m   [0;1mSELECT * FROM "users" WHERE ("users"."id" = 1) [0m
Rendered layouts/_common_header (2.3ms)
Completed in 126ms (View: 79, DB: 15) | 200 OK [http://localhost/]


Processing EventsController#show_user_events (for 127.0.0.1 at 2011-02-19 20:42:21) [GET]
  Parameters: {"id"=>"1"}
  [4;35;1mEvent Load (3.3ms)[0m   [0mSELECT * FROM "events" WHERE (date > '2011-02-19' and user_id = '1') ORDER BY date desc[0m
Rendering template within layouts/events
Rendering events/show_user_events
  [4;36;1mUser Load (3.9ms)[0m   [0;1mSELECT * FROM "users" WHERE ("users"."id" = 1) LIMIT 1[0m
Rendered layouts/_common_header (2.5ms)
Completed in 104ms (View: 63, DB: 7) | 200 OK [http://localhost/events/show_user_events/1]


Processing EventsController#show_user_events (for 127.0.0.1 at 2011-02-19 20:42:28) [GET]
  Parameters: {"id"=>"2"}
  [4;35;1mEvent Load (0.6ms)[0m   [0mSELECT * FROM "events" WHERE (date > '2011-02-19' and user_id = '2') ORDER BY date desc[0m
Rendering template within layouts/events
Rendering events/show_user_events
  [4;36;1mUser Load (1.3ms)[0m   [0;1mSELECT * FROM "users" WHERE ("users"."id" = 1) LIMIT 1[0m
Rendered layouts/_common_header (2.1ms)
Completed in 67ms (View: 39, DB: 2) | 200 OK [http://localhost/events/show_user_events/2]


Processing EventsController#show_all_events (for 127.0.0.1 at 2011-02-20 12:19:23) [GET]
  [4;36;1mEvent Load (9.7ms)[0m   [0;1mSELECT * FROM "events" WHERE (date > '2011-02-20') ORDER BY date desc[0m
Rendering template within layouts/events
Rendering events/show_all_events
  [4;35;1mUser Load (9.7ms)[0m   [0mSELECT * FROM "users" WHERE ("users"."id" = 1) LIMIT 1[0m
  [4;36;1mUser Load (2.5ms)[0m   [0;1mSELECT * FROM "users" WHERE ("users"."id" = 1) [0m
  [4;35;1mCACHE (0.0ms)[0m   [0mSELECT * FROM "users" WHERE ("users"."id" = 1) [0m
  [4;36;1mCACHE (0.0ms)[0m   [0;1mSELECT * FROM "users" WHERE ("users"."id" = 1) [0m
Rendered layouts/_common_header (44.3ms)
Completed in 661ms (View: 510, DB: 22) | 200 OK [http://localhost/]


Processing EventsController#show_all_events (for 127.0.0.1 at 2011-02-20 12:19:34) [GET]
  [4;35;1mEvent Load (12.7ms)[0m   [0mSELECT * FROM "events" WHERE (date > '2011-02-20') ORDER BY date desc[0m
Rendering template within layouts/events
Rendering events/show_all_events
  [4;36;1mUser Load (1.5ms)[0m   [0;1mSELECT * FROM "users" WHERE ("users"."id" = 1) LIMIT 1[0m
  [4;35;1mUser Load (1.5ms)[0m   [0mSELECT * FROM "users" WHERE ("users"."id" = 1) [0m
  [4;36;1mCACHE (0.0ms)[0m   [0;1mSELECT * FROM "users" WHERE ("users"."id" = 1) [0m
  [4;35;1mCACHE (0.0ms)[0m   [0mSELECT * FROM "users" WHERE ("users"."id" = 1) [0m
Rendered layouts/_common_header (8.6ms)
Completed in 299ms (View: 207, DB: 16) | 200 OK [http://localhost/show_all_events]


Processing ApplicationController#index (for 127.0.0.1 at 2011-02-20 12:19:38) [GET]

ActionController::RoutingError (No route matches "/show_all_events.json" with {:method=>:get}):
  warden (0.10.7) lib/warden/manager.rb:35:in `call'
  warden (0.10.7) lib/warden/manager.rb:34:in `catch'
  warden (0.10.7) lib/warden/manager.rb:34:in `call'

Rendering rescues/layout (not_found)


Processing ApplicationController#index (for 127.0.0.1 at 2011-02-20 12:19:46) [GET]

ActionController::RoutingError (No route matches "/show_all_events.json" with {:method=>:get}):
  warden (0.10.7) lib/warden/manager.rb:35:in `call'
  warden (0.10.7) lib/warden/manager.rb:34:in `catch'
  warden (0.10.7) lib/warden/manager.rb:34:in `call'

Rendering rescues/layout (not_found)


Processing ApplicationController#index (for 127.0.0.1 at 2011-02-20 12:19:53) [GET]

ActionController::RoutingError (No route matches "/show_all_events.xml" with {:method=>:get}):
  warden (0.10.7) lib/warden/manager.rb:35:in `call'
  warden (0.10.7) lib/warden/manager.rb:34:in `catch'
  warden (0.10.7) lib/warden/manager.rb:34:in `call'

Rendering rescues/layout (not_found)


Processing EventsController#show_all_events (for 127.0.0.1 at 2011-02-20 12:19:57) [GET]
  [4;36;1mEvent Load (3.2ms)[0m   [0;1mSELECT * FROM "events" WHERE (date > '2011-02-20') ORDER BY date desc[0m
Rendering template within layouts/events
Rendering events/show_all_events
  [4;35;1mUser Load (6.3ms)[0m   [0mSELECT * FROM "users" WHERE ("users"."id" = 1) LIMIT 1[0m
  [4;36;1mUser Load (10.1ms)[0m   [0;1mSELECT * FROM "users" WHERE ("users"."id" = 1) [0m
  [4;35;1mCACHE (0.0ms)[0m   [0mSELECT * FROM "users" WHERE ("users"."id" = 1) [0m
  [4;36;1mCACHE (0.0ms)[0m   [0;1mSELECT * FROM "users" WHERE ("users"."id" = 1) [0m
Rendered layouts/_common_header (2.7ms)
Completed in 526ms (View: 432, DB: 20) | 200 OK [http://localhost/show_all_events]


Processing EventsController#index (for 127.0.0.1 at 2011-02-20 12:22:48) [GET]
  [4;35;1mEvent Load (12.2ms)[0m   [0mSELECT * FROM "events" WHERE (date > '2011-02-20') ORDER BY date desc[0m
Rendering template within layouts/events
Rendering events/index
  [4;36;1mUser Load (1.3ms)[0m   [0;1mSELECT * FROM "users" WHERE ("users"."id" = 1) LIMIT 1[0m
Rendered layouts/_common_header (9.8ms)
Completed in 649ms (View: 538, DB: 14) | 200 OK [http://localhost/events]


Processing EventsController#index to json (for 127.0.0.1 at 2011-02-20 12:22:52) [GET]
  [4;35;1mEvent Load (3.1ms)[0m   [0mSELECT * FROM "events" WHERE (date > '2011-02-20') ORDER BY date desc[0m
Completed in 204ms (View: 120, DB: 3) | 200 OK [http://localhost/events.json]
  [4;36;1mSQL (24.9ms)[0m   [0;1m SELECT name
 FROM sqlite_master
 WHERE type = 'table' AND NOT name = 'sqlite_sequence'
[0m
  [4;35;1mSQL (2.1ms)[0m   [0mSELECT version FROM schema_migrations[0m
Migrating to CreateEvents (20110204220808)
Migrating to AddNumberOfHitsToEvents (20110204221135)
Migrating to AddUserIdToEvents (20110204222907)
Migrating to DeviseCreateUsers (20110212210754)
Migrating to AddAttachmentsPosterToEvent (20110213012805)
Migrating to AddAddressToEvent (20110213143051)
Migrating to AddLongitudeToEvent (20110213221619)
Migrating to AddLatitudeToEvent (20110213221632)
Migrating to CreateEventRegistrations (20110218191658)
Migrating to AddTitleToEvent (20110219223904)
Migrating to AddDescriptionToEvent (20110219223932)
Migrating to AddCategoryToEvent (20110220211028)
  [4;36;1mSQL (0.3ms)[0m   [0;1mselect sqlite_version(*)[0m
  [4;35;1mSQL (1.4ms)[0m   [0mALTER TABLE "events" ADD "category" varchar(255)[0m
  [4;36;1mSQL (0.9ms)[0m   [0;1mINSERT INTO schema_migrations (version) VALUES ('20110220211028')[0m
  [4;35;1mSQL (0.9ms)[0m   [0m SELECT name
 FROM sqlite_master
 WHERE type = 'table' AND NOT name = 'sqlite_sequence'
[0m
  [4;36;1mSQL (1.2ms)[0m   [0;1mSELECT version FROM schema_migrations[0m
  [4;35;1mSQL (0.7ms)[0m   [0m SELECT name
 FROM sqlite_master
 WHERE type = 'table' AND NOT name = 'sqlite_sequence'
[0m
  [4;36;1mSQL (0.1ms)[0m   [0;1mPRAGMA index_list("event_registrations")[0m
  [4;35;1mSQL (0.1ms)[0m   [0mPRAGMA index_list("events")[0m
  [4;36;1mSQL (0.6ms)[0m   [0;1mPRAGMA index_list("users")[0m
  [4;35;1mSQL (0.3ms)[0m   [0mPRAGMA index_info('index_users_on_reset_password_token')[0m
  [4;36;1mSQL (0.3ms)[0m   [0;1mPRAGMA index_info('index_users_on_email')[0m


Processing EventsController#show_all_events (for 127.0.0.1 at 2011-02-20 13:15:37) [GET]
  [4;36;1mEvent Load (9.2ms)[0m   [0;1mSELECT * FROM "events" WHERE (date > '2011-02-20') ORDER BY date desc[0m
Rendering template within layouts/events
Rendering events/show_all_events
  [4;35;1mUser Load (1.7ms)[0m   [0mSELECT * FROM "users" WHERE ("users"."id" = '1') LIMIT 1[0m
Rendered layouts/_common_header (34.4ms)
Completed in 795ms (View: 681, DB: 11) | 200 OK [http://localhost/]


Processing SessionsController#new (for 127.0.0.1 at 2011-02-20 13:15:52) [GET]
Rendering template within layouts/application
Rendering sessions/new
  [4;36;1mUser Load (2.0ms)[0m   [0;1mSELECT * FROM "users" WHERE ("users"."id" = '1') LIMIT 1[0m
Rendered layouts/_common_header (13.3ms)
Completed in 322ms (View: 212, DB: 2) | 200 OK [http://localhost/users/sign_in]


Processing SessionsController#create (for 127.0.0.1 at 2011-02-20 13:16:03) [POST]
  Parameters: {"commit"=>"Sign in", "authenticity_token"=>"SnnL+EYVR9CmYOYzPAwWT5TDeL5GUL/fgZqasScsVtg=", "user"=>{"remember_me"=>"0", "password"=>"taptix", "email"=>"divyasslv@gmail.com"}}
  [4;35;1mUser Load (2.4ms)[0m   [0mSELECT * FROM "users" WHERE ("users"."id" = '1') LIMIT 1[0m
  [4;36;1mUser Load (2.0ms)[0m   [0;1mSELECT * FROM "users" WHERE ("users"."email" = 'divyasslv@gmail.com') LIMIT 1[0m
WARNING: Can't mass-assign these protected attributes: remember_me
Rendering template within layouts/application
Rendering sessions/new
Rendered layouts/_common_header (2.3ms)
Completed in 172ms (View: 37, DB: 4) | 200 OK [http://localhost/users/sign_in]


Processing SessionsController#create (for 127.0.0.1 at 2011-02-20 13:16:09) [POST]
  Parameters: {"commit"=>"Sign in", "authenticity_token"=>"SnnL+EYVR9CmYOYzPAwWT5TDeL5GUL/fgZqasScsVtg=", "user"=>{"remember_me"=>"0", "password"=>"divyav", "email"=>"divyasslv@gmail.com"}}
  [4;35;1mUser Load (2.6ms)[0m   [0mSELECT * FROM "users" WHERE ("users"."id" = '1') LIMIT 1[0m
  [4;36;1mUser Load (2.1ms)[0m   [0;1mSELECT * FROM "users" WHERE ("users"."email" = 'divyasslv@gmail.com') LIMIT 1[0m
  [4;35;1mUser Update (1.1ms)[0m   [0mUPDATE "users" SET "updated_at" = '2011-02-20 21:16:09', "sign_in_count" = 12, "current_sign_in_at" = '2011-02-20 21:16:09', "last_sign_in_at" = '2011-02-20 03:26:21' WHERE "id" = 1[0m
Redirected to http://localhost:3000/
Completed in 143ms (DB: 6) | 302 Found [http://localhost/users/sign_in]


Processing EventsController#show_all_events (for 127.0.0.1 at 2011-02-20 13:16:09) [GET]
  [4;36;1mEvent Load (4.8ms)[0m   [0;1mSELECT * FROM "events" WHERE (date > '2011-02-20') ORDER BY date desc[0m
Rendering template within layouts/events
Rendering events/show_all_events
  [4;35;1mUser Load (2.8ms)[0m   [0mSELECT * FROM "users" WHERE ("users"."id" = 1) LIMIT 1[0m
  [4;36;1mUser Load (1.8ms)[0m   [0;1mSELECT * FROM "users" WHERE ("users"."id" = 1) [0m
  [4;35;1mCACHE (0.0ms)[0m   [0mSELECT * FROM "users" WHERE ("users"."id" = 1) [0m
  [4;36;1mCACHE (0.0ms)[0m   [0;1mSELECT * FROM "users" WHERE ("users"."id" = 1) [0m
Rendered layouts/_common_header (3.3ms)
Completed in 164ms (View: 113, DB: 9) | 200 OK [http://localhost/]


Processing EventsController#new (for 127.0.0.1 at 2011-02-20 13:16:12) [GET]
  Parameters: {"user_id"=>"1"}
  [4;35;1mUser Load (2.1ms)[0m   [0mSELECT * FROM "users" WHERE ("users"."id" = 1) [0m
Rendering template within layouts/events
Rendering events/new
  [4;36;1mUser Load (4.9ms)[0m   [0;1mSELECT * FROM "users" WHERE ("users"."id" = 1) LIMIT 1[0m
Rendered layouts/_common_header (13.1ms)
Completed in 236ms (View: 115, DB: 7) | 200 OK [http://localhost/users/1/events/new]


Processing EventsController#show (for 127.0.0.1 at 2011-02-20 13:16:25) [GET]
  Parameters: {"id"=>"1", "user_id"=>"1"}
  [4;35;1mEvent Load (1.7ms)[0m   [0mSELECT * FROM "events" WHERE ("events"."id" = 1) [0m
Rendering template within layouts/events
Rendering events/show
  [4;36;1mUser Load (1.3ms)[0m   [0;1mSELECT * FROM "users" WHERE ("users"."id" = 1) LIMIT 1[0m
Rendered layouts/_common_header (2.0ms)
Completed in 145ms (View: 88, DB: 3) | 200 OK [http://localhost/users/1/events/1]


Processing EventsController#edit (for 127.0.0.1 at 2011-02-20 13:16:27) [GET]
  Parameters: {"id"=>"1", "user_id"=>"1"}
  [4;35;1mEvent Load (1.3ms)[0m   [0mSELECT * FROM "events" WHERE ("events"."id" = 1) [0m
  [4;36;1mUser Load (1.2ms)[0m   [0;1mSELECT * FROM "users" WHERE ("users"."id" = 1) [0m
Rendering template within layouts/events
Rendering events/edit
  [4;35;1mUser Load (7.3ms)[0m   [0mSELECT * FROM "users" WHERE ("users"."id" = 1) LIMIT 1[0m
Rendered layouts/_common_header (11.7ms)
Completed in 274ms (View: 199, DB: 10) | 200 OK [http://localhost/users/1/events/1/edit]


Processing EventsController#update (for 127.0.0.1 at 2011-02-20 13:16:35) [PUT]
  Parameters: {"commit"=>"Update", "authenticity_token"=>"SnnL+EYVR9CmYOYzPAwWT5TDeL5GUL/fgZqasScsVtg=", "poster"=>"u", "id"=>"1", "user_id"=>"1", "event"=>{"address"=>"2123 shady avenue, squirrel hill, pittsburgh, pa 15217", "web_page_link"=>"http://www.google.com", "category"=>"Sports", "title"=>"", "contact"=>"4082033048", "date"=>"February 24, 2011 05:05 PM", "video_link"=>"", "description"=>""}, "reg"=>"n"}
  [4;36;1mEvent Load (11.5ms)[0m   [0;1mSELECT * FROM "events" WHERE ("events"."id" = 1) [0m
Google geocoding. Address: 2123 shady avenue, squirrel hill, pittsburgh, pa 15217. Result: <?xml version="1.0" encoding="UTF-8" ?>
<kml xmlns="http://earth.google.com/kml/2.0"><Response>
  <name>2123 shady avenue, squirrel hill, pittsburgh, pa 15217</name>
  <Status>
    <code>200</code>
    <request>geocode</request>
  </Status>
  <Placemark id="p1">
    <address>2123 Shady Ave, Pittsburgh, PA 15217, USA</address>
    <AddressDetails Accuracy="8" xmlns="urn:oasis:names:tc:ciq:xsdschema:xAL:2.0"><Country><CountryNameCode>US</CountryNameCode><CountryName>USA</CountryName><AdministrativeArea><AdministrativeAreaName>PA</AdministrativeAreaName><SubAdministrativeArea><SubAdministrativeAreaName>Allegheny</SubAdministrativeAreaName><Locality><LocalityName>Pittsburgh</LocalityName><Thoroughfare><ThoroughfareName>2123 Shady Ave</ThoroughfareName></Thoroughfare><PostalCode><PostalCodeNumber>15217</PostalCodeNumber></PostalCode></Locality></SubAdministrativeArea></AdministrativeArea></Country></AddressDetails>
    <ExtendedData>
      <LatLonBox north="40.4370736" south="40.4307784" east="-79.9150074" west="-79.9213026" />
    </ExtendedData>
    <Point><coordinates>-79.9181550,40.4339260,0</coordinates></Point>
  </Placemark>
</Response></kml>
  [4;35;1mEvent Update (0.6ms)[0m   [0mUPDATE "events" SET "updated_at" = '2011-02-20 21:16:36', "category" = 'Sports' WHERE "id" = 1[0m
[paperclip] Saving attachments.
Geocoder.us geocoding. Address: 2123 shady avenue, squirrel hill, pittsburgh, pa 15217. Result: 2: couldn't find this address! sorry
geocoder.us was unable to geocode address: 2123 shady avenue, squirrel hill, pittsburgh, pa 15217
Redirected to http://localhost:3000/users/1/events/1
Completed in 7151ms (DB: 12) | 302 Found [http://localhost/users/1/events/1]


Processing EventsController#show (for 127.0.0.1 at 2011-02-20 13:16:42) [GET]
  Parameters: {"id"=>"1", "user_id"=>"1"}
  [4;36;1mEvent Load (11.2ms)[0m   [0;1mSELECT * FROM "events" WHERE ("events"."id" = 1) [0m
Rendering template within layouts/events
Rendering events/show
  [4;35;1mUser Load (9.7ms)[0m   [0mSELECT * FROM "users" WHERE ("users"."id" = 1) LIMIT 1[0m
Rendered layouts/_common_header (2.4ms)
Completed in 226ms (View: 105, DB: 21) | 200 OK [http://localhost/users/1/events/1]


Processing EventsController#edit (for 127.0.0.1 at 2011-02-20 13:16:46) [GET]
  Parameters: {"id"=>"1", "user_id"=>"1"}
  [4;36;1mEvent Load (1.8ms)[0m   [0;1mSELECT * FROM "events" WHERE ("events"."id" = 1) [0m
  [4;35;1mUser Load (1.1ms)[0m   [0mSELECT * FROM "users" WHERE ("users"."id" = 1) [0m
Rendering template within layouts/events
Rendering events/edit
  [4;36;1mUser Load (1.4ms)[0m   [0;1mSELECT * FROM "users" WHERE ("users"."id" = 1) LIMIT 1[0m
Rendered layouts/_common_header (13.9ms)
Completed in 489ms (View: 84, DB: 4) | 200 OK [http://localhost/users/1/events/1/edit]


Processing EventsController#show_all_events (for 127.0.0.1 at 2011-02-20 13:19:08) [GET]
  [4;35;1mEvent Load (3.7ms)[0m   [0mSELECT * FROM "events" WHERE (date > '2011-02-20') ORDER BY date desc[0m
Rendering template within layouts/events
Rendering events/show_all_events
  [4;36;1mUser Load (3.8ms)[0m   [0;1mSELECT * FROM "users" WHERE ("users"."id" = 1) LIMIT 1[0m
  [4;35;1mUser Load (1.4ms)[0m   [0mSELECT * FROM "users" WHERE ("users"."id" = 1) [0m
  [4;36;1mCACHE (0.0ms)[0m   [0;1mSELECT * FROM "users" WHERE ("users"."id" = 1) [0m
  [4;35;1mCACHE (0.0ms)[0m   [0mSELECT * FROM "users" WHERE ("users"."id" = 1) [0m
Rendered layouts/_common_header (2.9ms)
Completed in 142ms (View: 104, DB: 9) | 200 OK [http://localhost/show_all_events]


Processing EventsController#show_all_events (for 127.0.0.1 at 2011-02-20 13:30:22) [GET]
  [4;36;1mEvent Load (7.1ms)[0m   [0;1mSELECT * FROM "events" WHERE (date > '2011-02-20') ORDER BY date desc[0m
Rendering template within layouts/events
Rendering events/show_all_events
  [4;35;1mUser Load (1.5ms)[0m   [0mSELECT * FROM "users" WHERE ("users"."id" = 1) LIMIT 1[0m
  [4;36;1mUser Load (1.5ms)[0m   [0;1mSELECT * FROM "users" WHERE ("users"."id" = 1) [0m
  [4;35;1mCACHE (0.0ms)[0m   [0mSELECT * FROM "users" WHERE ("users"."id" = 1) [0m
  [4;36;1mCACHE (0.0ms)[0m   [0;1mSELECT * FROM "users" WHERE ("users"."id" = 1) [0m
Rendered layouts/_common_header (2.5ms)
Completed in 184ms (View: 89, DB: 10) | 200 OK [http://localhost/show_all_events]


Processing EventsController#show (for 127.0.0.1 at 2011-02-20 13:30:38) [GET]
  Parameters: {"id"=>"3", "user_id"=>"1"}
  [4;35;1mEvent Load (2.1ms)[0m   [0mSELECT * FROM "events" WHERE ("events"."id" = 3) [0m
Rendering template within layouts/events
Rendering events/show
  [4;36;1mUser Load (1.4ms)[0m   [0;1mSELECT * FROM "users" WHERE ("users"."id" = 1) LIMIT 1[0m
Rendered layouts/_common_header (7.3ms)
Completed in 186ms (View: 137, DB: 4) | 200 OK [http://localhost/users/1/events/3]


Processing EventsController#edit (for 127.0.0.1 at 2011-02-20 13:30:41) [GET]
  Parameters: {"id"=>"3", "user_id"=>"1"}
  [4;35;1mEvent Load (1.7ms)[0m   [0mSELECT * FROM "events" WHERE ("events"."id" = 3) [0m
  [4;36;1mUser Load (1.2ms)[0m   [0;1mSELECT * FROM "users" WHERE ("users"."id" = 1) [0m
Rendering template within layouts/events
Rendering events/edit
  [4;35;1mUser Load (1.4ms)[0m   [0mSELECT * FROM "users" WHERE ("users"."id" = 1) LIMIT 1[0m
Rendered layouts/_common_header (12.4ms)
Completed in 219ms (View: 79, DB: 4) | 200 OK [http://localhost/users/1/events/3/edit]


Processing EventsController#update (for 127.0.0.1 at 2011-02-20 13:30:48) [PUT]
  Parameters: {"commit"=>"Update", "authenticity_token"=>"SnnL+EYVR9CmYOYzPAwWT5TDeL5GUL/fgZqasScsVtg=", "poster"=>"l", "id"=>"3", "user_id"=>"1", "event"=>{"address"=>"2123 shady avenue, squirrel hill, pittsburgh, pa 15217", "web_page_link"=>"http://www.google.com", "category"=>"Entertainment", "title"=>"Event1", "contact"=>"4082033048", "date"=>"February 24, 2011 05:05 PM", "video_link"=>"www.youtube.com", "description"=>"asdasd", "image_link"=>"http://notgartner.com/Downloads/BaristaSpectrum.png"}, "reg"=>"n"}
  [4;36;1mEvent Load (1.5ms)[0m   [0;1mSELECT * FROM "events" WHERE ("events"."id" = 3) [0m
Rendering template within layouts/events
Rendering events/edit
  [4;35;1mUser Load (2.5ms)[0m   [0mSELECT * FROM "users" WHERE ("users"."id" = 1) [0m
  [4;36;1mUser Load (1.4ms)[0m   [0;1mSELECT * FROM "users" WHERE ("users"."id" = 1) LIMIT 1[0m
Rendered layouts/_common_header (9.0ms)
Completed in 6472ms (View: 86, DB: 5) | 200 OK [http://localhost/users/1/events/3]


Processing EventsController#update (for 127.0.0.1 at 2011-02-20 13:31:14) [PUT]
  Parameters: {"commit"=>"Update", "authenticity_token"=>"SnnL+EYVR9CmYOYzPAwWT5TDeL5GUL/fgZqasScsVtg=", "poster"=>"l", "id"=>"3", "user_id"=>"1", "event"=>{"address"=>"2123 shady avenue, squirrel hill, pittsburgh, pa 15217", "web_page_link"=>"http://www.google.com", "category"=>"Entertainment", "title"=>"Event1", "contact"=>"4082033048", "date"=>"February 24, 2011 05:05 PM", "video_link"=>"www.youtube.com", "description"=>"asdasd", "image_link"=>"http://notgartner.com/Downloads/BaristaSpectrum.png"}, "reg"=>"n"}
  [4;35;1mEvent Load (1.5ms)[0m   [0mSELECT * FROM "events" WHERE ("events"."id" = 3) [0m
Google geocoding. Address: 2123 shady avenue, squirrel hill, pittsburgh, pa 15217. Result: <?xml version="1.0" encoding="UTF-8" ?>
<kml xmlns="http://earth.google.com/kml/2.0"><Response>
  <name>2123 shady avenue, squirrel hill, pittsburgh, pa 15217</name>
  <Status>
    <code>200</code>
    <request>geocode</request>
  </Status>
  <Placemark id="p1">
    <address>2123 Shady Ave, Pittsburgh, PA 15217, USA</address>
    <AddressDetails Accuracy="8" xmlns="urn:oasis:names:tc:ciq:xsdschema:xAL:2.0"><Country><CountryNameCode>US</CountryNameCode><CountryName>USA</CountryName><AdministrativeArea><AdministrativeAreaName>PA</AdministrativeAreaName><SubAdministrativeArea><SubAdministrativeAreaName>Allegheny</SubAdministrativeAreaName><Locality><LocalityName>Pittsburgh</LocalityName><Thoroughfare><ThoroughfareName>2123 Shady Ave</ThoroughfareName></Thoroughfare><PostalCode><PostalCodeNumber>15217</PostalCodeNumber></PostalCode></Locality></SubAdministrativeArea></AdministrativeArea></Country></AddressDetails>
    <ExtendedData>
      <LatLonBox north="40.4370736" south="40.4307784" east="-79.9150074" west="-79.9213026" />
    </ExtendedData>
    <Point><coordinates>-79.9181550,40.4339260,0</coordinates></Point>
  </Placemark>
</Response></kml>
  [4;36;1mEvent Update (0.7ms)[0m   [0;1mUPDATE "events" SET "updated_at" = '2011-02-20 21:31:15', "category" = 'Entertainment' WHERE "id" = 3[0m
[paperclip] Saving attachments.
[paperclip] identify -format %wx%h '/tmp/stream20110220-1946-g9moe0-0[0]' 2>/dev/null
[paperclip] convert '/tmp/stream20110220-1946-g9moe0-0[0]' -resize "200x200>" '/tmp/stream20110220-1946-g9moe0-020110220-1946-stmrg-0' 2>/dev/null
[paperclip] identify -format %wx%h '/tmp/stream20110220-1946-g9moe0-0[0]' 2>/dev/null
[paperclip] convert '/tmp/stream20110220-1946-g9moe0-0[0]' -resize "320x240>" '/tmp/stream20110220-1946-g9moe0-020110220-1946-a4inss-0' 2>/dev/null
[paperclip] identify -format %wx%h '/tmp/stream20110220-1946-g9moe0-0[0]' 2>/dev/null
[paperclip] convert '/tmp/stream20110220-1946-g9moe0-0[0]' -resize "150x150>" '/tmp/stream20110220-1946-g9moe0-020110220-1946-76emj9-0' 2>/dev/null
Google geocoding. Address: 2123 shady avenue, squirrel hill, pittsburgh, pa 15217. Result: <?xml version="1.0" encoding="UTF-8" ?>
<kml xmlns="http://earth.google.com/kml/2.0"><Response>
  <name>2123 shady avenue, squirrel hill, pittsburgh, pa 15217</name>
  <Status>
    <code>200</code>
    <request>geocode</request>
  </Status>
  <Placemark id="p1">
    <address>2123 Shady Ave, Pittsburgh, PA 15217, USA</address>
    <AddressDetails Accuracy="8" xmlns="urn:oasis:names:tc:ciq:xsdschema:xAL:2.0"><Country><CountryNameCode>US</CountryNameCode><CountryName>USA</CountryName><AdministrativeArea><AdministrativeAreaName>PA</AdministrativeAreaName><SubAdministrativeArea><SubAdministrativeAreaName>Allegheny</SubAdministrativeAreaName><Locality><LocalityName>Pittsburgh</LocalityName><Thoroughfare><ThoroughfareName>2123 Shady Ave</ThoroughfareName></Thoroughfare><PostalCode><PostalCodeNumber>15217</PostalCodeNumber></PostalCode></Locality></SubAdministrativeArea></AdministrativeArea></Country></AddressDetails>
    <ExtendedData>
      <LatLonBox north="40.4370736" south="40.4307784" east="-79.9150074" west="-79.9213026" />
    </ExtendedData>
    <Point><coordinates>-79.9181550,40.4339260,0</coordinates></Point>
  </Placemark>
</Response></kml>
  [4;35;1mEvent Update (0.6ms)[0m   [0mUPDATE "events" SET "updated_at" = '2011-02-20 21:31:25', "poster_updated_at" = '2011-02-20 21:31:22', "poster_file_name" = 'open-uri20110220-1946-1xjh7wi-0' WHERE "id" = 3[0m
[paperclip] Saving attachments.
[paperclip] deleting /home/sc/TapTix/public/assets/events/3/original/open-uri20110219-4802-15qtm2g-0.
[paperclip] deleting /home/sc/TapTix/public/assets/events/3/medium/open-uri20110219-4802-15qtm2g-0.
[paperclip] deleting /home/sc/TapTix/public/assets/events/3/large/open-uri20110219-4802-15qtm2g-0.
[paperclip] deleting /home/sc/TapTix/public/assets/events/3/small/open-uri20110219-4802-15qtm2g-0.
[paperclip] saving /home/sc/TapTix/public/assets/events/3/medium/open-uri20110220-1946-1xjh7wi-0.
[paperclip] saving /home/sc/TapTix/public/assets/events/3/original/open-uri20110220-1946-1xjh7wi-0.
[paperclip] saving /home/sc/TapTix/public/assets/events/3/large/open-uri20110220-1946-1xjh7wi-0.
[paperclip] saving /home/sc/TapTix/public/assets/events/3/small/open-uri20110220-1946-1xjh7wi-0.
Redirected to http://localhost:3000/users/1/events/3
Completed in 11085ms (DB: 3) | 302 Found [http://localhost/users/1/events/3]


Processing EventsController#show (for 127.0.0.1 at 2011-02-20 13:31:25) [GET]
  Parameters: {"id"=>"3", "user_id"=>"1"}
  [4;36;1mEvent Load (1.8ms)[0m   [0;1mSELECT * FROM "events" WHERE ("events"."id" = 3) [0m
Rendering template within layouts/events
Rendering events/show
  [4;35;1mUser Load (1.7ms)[0m   [0mSELECT * FROM "users" WHERE ("users"."id" = 1) LIMIT 1[0m
Rendered layouts/_common_header (2.1ms)
Completed in 275ms (View: 227, DB: 4) | 200 OK [http://localhost/users/1/events/3]


Processing EventsController#index (for 127.0.0.1 at 2011-02-20 13:31:30) [GET]
  Parameters: {"user_id"=>"1"}
  [4;36;1mEvent Load (5.3ms)[0m   [0;1mSELECT * FROM "events" WHERE (date > '2011-02-20') ORDER BY date desc[0m
Rendering template within layouts/events
Rendering events/index
  [4;35;1mUser Load (7.4ms)[0m   [0mSELECT * FROM "users" WHERE ("users"."id" = 1) LIMIT 1[0m
Rendered layouts/_common_header (2.9ms)
Completed in 256ms (View: 183, DB: 13) | 200 OK [http://localhost/users/1/events]


Processing EventsController#show_all_events (for 127.0.0.1 at 2011-02-20 13:31:39) [GET]
  [4;36;1mEvent Load (17.1ms)[0m   [0;1mSELECT * FROM "events" WHERE (date > '2011-02-20') ORDER BY date desc[0m
Rendering template within layouts/events
Rendering events/show_all_events
  [4;35;1mUser Load (9.8ms)[0m   [0mSELECT * FROM "users" WHERE ("users"."id" = 1) LIMIT 1[0m
  [4;36;1mUser Load (7.5ms)[0m   [0;1mSELECT * FROM "users" WHERE ("users"."id" = 1) [0m
  [4;35;1mCACHE (0.0ms)[0m   [0mSELECT * FROM "users" WHERE ("users"."id" = 1) [0m
  [4;36;1mCACHE (0.0ms)[0m   [0;1mSELECT * FROM "users" WHERE ("users"."id" = 1) [0m
Rendered layouts/_common_header (9.1ms)
Completed in 265ms (View: 146, DB: 34) | 200 OK [http://localhost/show_all_events]


Processing EventsController#show (for 127.0.0.1 at 2011-02-20 13:31:43) [GET]
  Parameters: {"id"=>"4", "user_id"=>"1"}
  [4;35;1mEvent Load (5.7ms)[0m   [0mSELECT * FROM "events" WHERE ("events"."id" = 4) [0m
Rendering template within layouts/events
Rendering events/show
  [4;36;1mUser Load (1.3ms)[0m   [0;1mSELECT * FROM "users" WHERE ("users"."id" = 1) LIMIT 1[0m
Rendered layouts/_common_header (5.5ms)
Completed in 164ms (View: 68, DB: 7) | 200 OK [http://localhost/users/1/events/4]


Processing EventsController#edit (for 127.0.0.1 at 2011-02-20 13:31:50) [GET]
  Parameters: {"id"=>"4", "user_id"=>"1"}
  [4;35;1mEvent Load (1.7ms)[0m   [0mSELECT * FROM "events" WHERE ("events"."id" = 4) [0m
  [4;36;1mUser Load (1.2ms)[0m   [0;1mSELECT * FROM "users" WHERE ("users"."id" = 1) [0m
Rendering template within layouts/events
Rendering events/edit
  [4;35;1mUser Load (1.3ms)[0m   [0mSELECT * FROM "users" WHERE ("users"."id" = 1) LIMIT 1[0m
Rendered layouts/_common_header (11.6ms)
Completed in 219ms (View: 82, DB: 4) | 200 OK [http://localhost/users/1/events/4/edit]


Processing EventsController#update (for 127.0.0.1 at 2011-02-20 13:31:56) [PUT]
  Parameters: {"commit"=>"Update", "authenticity_token"=>"SnnL+EYVR9CmYOYzPAwWT5TDeL5GUL/fgZqasScsVtg=", "poster"=>"u", "id"=>"4", "user_id"=>"1", "event"=>{"address"=>"2123 shady avenue, squirrel hill, pittsburgh, pa 15217", "web_page_link"=>"http://www.google.com", "category"=>"Info sessions", "title"=>"Event1", "contact"=>"4082033048", "date"=>"February 24, 2011 05:05 PM", "video_link"=>"www.youtube.com", "description"=>"desc"}, "reg"=>"n"}
  [4;36;1mEvent Load (1.5ms)[0m   [0;1mSELECT * FROM "events" WHERE ("events"."id" = 4) [0m
Google geocoding. Address: 2123 shady avenue, squirrel hill, pittsburgh, pa 15217. Result: <?xml version="1.0" encoding="UTF-8" ?>
<kml xmlns="http://earth.google.com/kml/2.0"><Response>
  <name>2123 shady avenue, squirrel hill, pittsburgh, pa 15217</name>
  <Status>
    <code>200</code>
    <request>geocode</request>
  </Status>
  <Placemark id="p1">
    <address>2123 Shady Ave, Pittsburgh, PA 15217, USA</address>
    <AddressDetails Accuracy="8" xmlns="urn:oasis:names:tc:ciq:xsdschema:xAL:2.0"><Country><CountryNameCode>US</CountryNameCode><CountryName>USA</CountryName><AdministrativeArea><AdministrativeAreaName>PA</AdministrativeAreaName><SubAdministrativeArea><SubAdministrativeAreaName>Allegheny</SubAdministrativeAreaName><Locality><LocalityName>Pittsburgh</LocalityName><Thoroughfare><ThoroughfareName>2123 Shady Ave</ThoroughfareName></Thoroughfare><PostalCode><PostalCodeNumber>15217</PostalCodeNumber></PostalCode></Locality></SubAdministrativeArea></AdministrativeArea></Country></AddressDetails>
    <ExtendedData>
      <LatLonBox north="40.4370736" south="40.4307784" east="-79.9150074" west="-79.9213026" />
    </ExtendedData>
    <Point><coordinates>-79.9181550,40.4339260,0</coordinates></Point>
  </Placemark>
</Response></kml>
  [4;35;1mEvent Update (0.5ms)[0m   [0mUPDATE "events" SET "updated_at" = '2011-02-20 21:31:58', "category" = 'Info sessions' WHERE "id" = 4[0m
[paperclip] Saving attachments.
Google geocoding. Address: 2123 shady avenue, squirrel hill, pittsburgh, pa 15217. Result: <?xml version="1.0" encoding="UTF-8" ?>
<kml xmlns="http://earth.google.com/kml/2.0"><Response>
  <name>2123 shady avenue, squirrel hill, pittsburgh, pa 15217</name>
  <Status>
    <code>200</code>
    <request>geocode</request>
  </Status>
  <Placemark id="p1">
    <address>2123 Shady Ave, Pittsburgh, PA 15217, USA</address>
    <AddressDetails Accuracy="8" xmlns="urn:oasis:names:tc:ciq:xsdschema:xAL:2.0"><Country><CountryNameCode>US</CountryNameCode><CountryName>USA</CountryName><AdministrativeArea><AdministrativeAreaName>PA</AdministrativeAreaName><SubAdministrativeArea><SubAdministrativeAreaName>Allegheny</SubAdministrativeAreaName><Locality><LocalityName>Pittsburgh</LocalityName><Thoroughfare><ThoroughfareName>2123 Shady Ave</ThoroughfareName></Thoroughfare><PostalCode><PostalCodeNumber>15217</PostalCodeNumber></PostalCode></Locality></SubAdministrativeArea></AdministrativeArea></Country></AddressDetails>
    <ExtendedData>
      <LatLonBox north="40.4370736" south="40.4307784" east="-79.9150074" west="-79.9213026" />
    </ExtendedData>
    <Point><coordinates>-79.9181550,40.4339260,0</coordinates></Point>
  </Placemark>
</Response></kml>
[paperclip] Saving attachments.
Redirected to http://localhost:3000/users/1/events/4
Completed in 4479ms (DB: 2) | 302 Found [http://localhost/users/1/events/4]


Processing EventsController#show (for 127.0.0.1 at 2011-02-20 13:32:01) [GET]
  Parameters: {"id"=>"4", "user_id"=>"1"}
  [4;36;1mEvent Load (5.8ms)[0m   [0;1mSELECT * FROM "events" WHERE ("events"."id" = 4) [0m
Rendering template within layouts/events
Rendering events/show
  [4;35;1mUser Load (2.1ms)[0m   [0mSELECT * FROM "users" WHERE ("users"."id" = 1) LIMIT 1[0m
Rendered layouts/_common_header (3.3ms)
Completed in 167ms (View: 91, DB: 8) | 200 OK [http://localhost/users/1/events/4]


Processing EventsController#index (for 127.0.0.1 at 2011-02-20 13:32:05) [GET]
  Parameters: {"user_id"=>"1"}
  [4;36;1mEvent Load (3.5ms)[0m   [0;1mSELECT * FROM "events" WHERE (date > '2011-02-20') ORDER BY date desc[0m
Rendering template within layouts/events
Rendering events/index
  [4;35;1mUser Load (2.7ms)[0m   [0mSELECT * FROM "users" WHERE ("users"."id" = 1) LIMIT 1[0m
Rendered layouts/_common_header (2.2ms)
Completed in 140ms (View: 65, DB: 6) | 200 OK [http://localhost/users/1/events]


Processing EventsController#show_all_events (for 127.0.0.1 at 2011-02-20 13:32:26) [GET]
  [4;36;1mEvent Load (12.9ms)[0m   [0;1mSELECT * FROM "events" WHERE (date > '2011-02-20') ORDER BY date desc[0m
Rendering template within layouts/events
Rendering events/show_all_events
  [4;35;1mUser Load (2.8ms)[0m   [0mSELECT * FROM "users" WHERE ("users"."id" = 1) LIMIT 1[0m
  [4;36;1mUser Load (11.3ms)[0m   [0;1mSELECT * FROM "users" WHERE ("users"."id" = 1) [0m
  [4;35;1mCACHE (0.0ms)[0m   [0mSELECT * FROM "users" WHERE ("users"."id" = 1) [0m
  [4;36;1mCACHE (0.0ms)[0m   [0;1mSELECT * FROM "users" WHERE ("users"."id" = 1) [0m
Rendered layouts/_common_header (2.5ms)
Completed in 438ms (View: 225, DB: 27) | 200 OK [http://localhost/show_all_events]
